C:\Users\ethr\BTSync\reflexgame\Debug\cl.command.1.tlog
C:\Users\ethr\BTSync\reflexgame\Debug\CL.read.1.tlog
C:\Users\ethr\BTSync\reflexgame\Debug\CL.write.1.tlog
C:\USERS\ETHR\BTSYNC\REFLEXGAME\DEBUG\GAMESTATE.OBJ
C:\Users\ethr\BTSync\reflexgame\Debug\link.5692.read.1.tlog
C:\Users\ethr\BTSync\reflexgame\Debug\link.5692.write.1.tlog
C:\Users\ethr\BTSync\reflexgame\Debug\link.5692-cvtres.read.1.tlog
C:\Users\ethr\BTSync\reflexgame\Debug\link.5692-cvtres.write.1.tlog
C:\Users\ethr\BTSync\reflexgame\Debug\link.command.1.tlog
C:\Users\ethr\BTSync\reflexgame\Debug\link.read.1.tlog
C:\Users\ethr\BTSync\reflexgame\Debug\link.write.1.tlog
C:\Users\ethr\BTSync\reflexgame\Debug\link-cvtres.read.1.tlog
C:\Users\ethr\BTSync\reflexgame\Debug\link-cvtres.write.1.tlog
C:\USERS\ETHR\BTSYNC\REFLEXGAME\DEBUG\MAIN.OBJ
C:\Users\ethr\BTSync\reflexgame\Debug\mt.command.1.tlog
C:\Users\ethr\BTSync\reflexgame\Debug\mt.read.1.tlog
C:\Users\ethr\BTSync\reflexgame\Debug\mt.write.1.tlog
C:\Users\ethr\BTSync\reflexgame\Debug\rc.command.1.tlog
C:\Users\ethr\BTSync\reflexgame\Debug\rc.read.1.tlog
C:\Users\ethr\BTSync\reflexgame\Debug\rc.write.1.tlog
C:\USERS\ETHR\BTSYNC\REFLEXGAME\DEBUG\REFLEXGAME.EXE
C:\USERS\ETHR\BTSYNC\REFLEXGAME\DEBUG\REFLEXGAME.EXE.EMBED.MANIFEST
C:\USERS\ETHR\BTSYNC\REFLEXGAME\DEBUG\REFLEXGAME.EXE.EMBED.MANIFEST.RES
C:\USERS\ETHR\BTSYNC\REFLEXGAME\DEBUG\REFLEXGAME.EXE.INTERMEDIATE.MANIFEST
C:\USERS\ETHR\BTSYNC\REFLEXGAME\DEBUG\REFLEXGAME.ILK
C:\USERS\ETHR\BTSYNC\REFLEXGAME\DEBUG\REFLEXGAME.PDB
C:\Users\ethr\BTSync\reflexgame\Debug\reflexgame_manifest.rc
C:\USERS\ETHR\BTSYNC\REFLEXGAME\DEBUG\RENDERER.OBJ
C:\USERS\ETHR\BTSYNC\REFLEXGAME\DEBUG\SCOREAREA.OBJ
C:\USERS\ETHR\BTSYNC\REFLEXGAME\DEBUG\UTILS.OBJ
C:\Users\ethr\BTSync\reflexgame\Debug\vc100.idb
C:\USERS\ETHR\BTSYNC\REFLEXGAME\DEBUG\VC100.PDB
